0 info it worked if it ends with ok
1 verbose cli [ 'C:\\Program Files\\nodejs\\node.exe',
1 verbose cli   'C:\\Program Files\\nodejs\\node_modules\\npm\\bin\\npm-cli.js',
1 verbose cli   'install',
1 verbose cli   '-q',
1 verbose cli   'bowser' ]
2 info using npm@5.6.0
3 info using node@v8.11.2
4 silly loadCurrentTree Starting
5 silly install loadCurrentTree
6 silly install readLocalPackageData
7 silly fetchPackageMetaData bowser
8 silly fetchNamedPackageData bowser
9 silly mapToRegistry name bowser
10 silly mapToRegistry using default registry
11 silly mapToRegistry registry https://registry.npmjs.org/
12 silly mapToRegistry data Result {
12 silly mapToRegistry   raw: 'bowser',
12 silly mapToRegistry   scope: null,
12 silly mapToRegistry   escapedName: 'bowser',
12 silly mapToRegistry   name: 'bowser',
12 silly mapToRegistry   rawSpec: '',
12 silly mapToRegistry   spec: 'latest',
12 silly mapToRegistry   type: 'tag' }
13 silly mapToRegistry uri https://registry.npmjs.org/bowser
14 verbose request uri https://registry.npmjs.org/bowser
15 verbose request no auth needed
16 info attempt registry request try #1 at 19:20:23
17 verbose request id c65f08138a457467
18 http request GET https://registry.npmjs.org/bowser
19 http 200 https://registry.npmjs.org/bowser
20 verbose headers { date: 'Thu, 07 Jun 2018 09:20:21 GMT',
20 verbose headers   'content-type': 'application/json; charset=UTF-8',
20 verbose headers   'transfer-encoding': 'chunked',
20 verbose headers   connection: 'close',
20 verbose headers   'set-cookie':
20 verbose headers    [ '__cfduid=d284b88ca8511cfb3a587fd83c174bb321528363221; expires=Fri, 07-Jun-19 09:20:21 GMT; path=/; domain=.registry.npmjs.org; HttpOnly' ],
20 verbose headers   'cache-control': 'max-age=300',
20 verbose headers   'cf-cache-status': 'HIT',
20 verbose headers   'cf-ray': '42720ad7aeb1655d-SYD',
20 verbose headers   etag: 'W/"a8b96870f2b5e70872d4242438cfbc52"',
20 verbose headers   'expect-ct': 'max-age=604800, report-uri="https://report-uri.cloudflare.com/cdn-cgi/beacon/expect-ct"',
20 verbose headers   'last-modified': 'Sat, 26 May 2018 02:33:30 GMT',
20 verbose headers   vary: 'accept-encoding, accept',
20 verbose headers   server: 'cloudflare',
20 verbose headers   'content-encoding': 'gzip' }
21 silly get cb [ 200,
21 silly get   { date: 'Thu, 07 Jun 2018 09:20:21 GMT',
21 silly get     'content-type': 'application/json; charset=UTF-8',
21 silly get     'transfer-encoding': 'chunked',
21 silly get     connection: 'close',
21 silly get     'set-cookie':
21 silly get      [ '__cfduid=d284b88ca8511cfb3a587fd83c174bb321528363221; expires=Fri, 07-Jun-19 09:20:21 GMT; path=/; domain=.registry.npmjs.org; HttpOnly' ],
21 silly get     'cache-control': 'max-age=300',
21 silly get     'cf-cache-status': 'HIT',
21 silly get     'cf-ray': '42720ad7aeb1655d-SYD',
21 silly get     etag: 'W/"a8b96870f2b5e70872d4242438cfbc52"',
21 silly get     'expect-ct': 'max-age=604800, report-uri="https://report-uri.cloudflare.com/cdn-cgi/beacon/expect-ct"',
21 silly get     'last-modified': 'Sat, 26 May 2018 02:33:30 GMT',
21 silly get     vary: 'accept-encoding, accept',
21 silly get     server: 'cloudflare',
21 silly get     'content-encoding': 'gzip' } ]
22 verbose get saving bowser to C:\Users\sandovaa\AppData\Roaming\npm-cache\registry.npmjs.org\bowser\.cache.json
23 verbose correctMkdir C:\Users\sandovaa\AppData\Roaming\npm-cache correctMkdir not in flight; initializing
24 silly install normalizeTree
25 silly loadCurrentTree Finishing
26 silly loadIdealTree Starting
27 silly install loadIdealTree
28 silly cloneCurrentTree Starting
29 silly install cloneCurrentTreeToIdealTree
30 silly cloneCurrentTree Finishing
31 silly loadShrinkwrap Starting
32 silly install loadShrinkwrap
33 silly loadShrinkwrap Finishing
34 silly loadAllDepsIntoIdealTree Starting
35 silly install loadAllDepsIntoIdealTree
36 silly resolveWithNewModule bowser@1.9.3 checking installable status
37 silly cache add args [ 'bowser', null ]
38 verbose cache add spec bowser
39 silly cache add parsed spec Result {
39 silly cache add   raw: 'bowser',
39 silly cache add   scope: null,
39 silly cache add   escapedName: 'bowser',
39 silly cache add   name: 'bowser',
39 silly cache add   rawSpec: '',
39 silly cache add   spec: 'latest',
39 silly cache add   type: 'tag' }
40 silly addNamed bowser@latest
41 verbose addNamed "latest" is being treated as a dist-tag for bowser
42 info addNameTag [ 'bowser', 'latest' ]
43 silly mapToRegistry name bowser
44 silly mapToRegistry using default registry
45 silly mapToRegistry registry https://registry.npmjs.org/
46 silly mapToRegistry data Result {
46 silly mapToRegistry   raw: 'bowser',
46 silly mapToRegistry   scope: null,
46 silly mapToRegistry   escapedName: 'bowser',
46 silly mapToRegistry   name: 'bowser',
46 silly mapToRegistry   rawSpec: '',
46 silly mapToRegistry   spec: 'latest',
46 silly mapToRegistry   type: 'tag' }
47 silly mapToRegistry uri https://registry.npmjs.org/bowser
48 verbose addNameTag registry:https://registry.npmjs.org/bowser not in flight; fetching
49 verbose get https://registry.npmjs.org/bowser not expired, no request
50 silly addNameTag next cb for bowser with tag latest
51 silly addNamed bowser@1.9.3
52 verbose addNamed "1.9.3" is a plain semver version for bowser
53 silly mapToRegistry name bowser
54 silly mapToRegistry using default registry
55 silly mapToRegistry registry https://registry.npmjs.org/
56 silly mapToRegistry data Result {
56 silly mapToRegistry   raw: 'bowser',
56 silly mapToRegistry   scope: null,
56 silly mapToRegistry   escapedName: 'bowser',
56 silly mapToRegistry   name: 'bowser',
56 silly mapToRegistry   rawSpec: '',
56 silly mapToRegistry   spec: 'latest',
56 silly mapToRegistry   type: 'tag' }
57 silly mapToRegistry uri https://registry.npmjs.org/bowser
58 verbose addRemoteTarball https://registry.npmjs.org/bowser/-/bowser-1.9.3.tgz not in flight; adding
59 verbose addRemoteTarball [ 'https://registry.npmjs.org/bowser/-/bowser-1.9.3.tgz',
59 verbose addRemoteTarball   '6643ae4d783f31683f6d23156976b74183862162' ]
60 info retry fetch attempt 1 at 19:20:23
61 info attempt registry request try #1 at 19:20:23
62 http fetch GET https://registry.npmjs.org/bowser/-/bowser-1.9.3.tgz
63 http fetch 200 https://registry.npmjs.org/bowser/-/bowser-1.9.3.tgz
64 silly fetchAndShaCheck shasum 6643ae4d783f31683f6d23156976b74183862162
65 verbose addTmpTarball C:\Users\sandovaa\AppData\Local\Temp\npm-15624-250881a0\registry.npmjs.org\bowser\-\bowser-1.9.3.tgz not in flight; adding
66 verbose addTmpTarball already have metadata; skipping unpack for bowser@1.9.3
67 verbose correctMkdir C:\Users\sandovaa\AppData\Roaming\npm-cache correctMkdir not in flight; initializing
68 silly cache afterAdd bowser@1.9.3
69 verbose afterAdd C:\Users\sandovaa\AppData\Roaming\npm-cache\bowser\1.9.3\package\package.json not in flight; writing
70 verbose correctMkdir C:\Users\sandovaa\AppData\Roaming\npm-cache correctMkdir not in flight; initializing
71 verbose afterAdd C:\Users\sandovaa\AppData\Roaming\npm-cache\bowser\1.9.3\package\package.json written
72 verbose stack TypeError: Class constructor  cannot be invoked without 'new'
72 verbose stack     at doUntar (C:\Users\sandovaa\AppData\Roaming\nvm\v6.11.1\node_modules\npm\lib\fetch-package-metadata.js:343:33)
72 verbose stack     at doGunzip (C:\Users\sandovaa\AppData\Roaming\nvm\v6.11.1\node_modules\npm\lib\fetch-package-metadata.js:339:5)
72 verbose stack     at ReadStream.OD (C:\Users\sandovaa\AppData\Roaming\nvm\v6.11.1\node_modules\npm\lib\fetch-package-metadata.js:315:7)
72 verbose stack     at emitOne (events.js:116:13)
72 verbose stack     at ReadStream.emit (events.js:211:7)
72 verbose stack     at addChunk (_stream_readable.js:263:12)
72 verbose stack     at readableAddChunk (_stream_readable.js:250:11)
72 verbose stack     at ReadStream.Readable.push (_stream_readable.js:208:10)
72 verbose stack     at fs.read (fs.js:2058:12)
72 verbose stack     at callback (C:\Users\sandovaa\AppData\Roaming\nvm\v6.11.1\node_modules\npm\node_modules\graceful-fs\polyfills.js:108:19)
73 verbose cwd E:\WorkSpace\QS_API
74 error Windows_NT 10.0.16299
75 error argv "C:\\Program Files\\nodejs\\node.exe" "C:\\Program Files\\nodejs\\node_modules\\npm\\bin\\npm-cli.js" "install" "-q" "bowser"
76 error node v8.11.2
77 error npm  v5.6.0
78 error Class constructor  cannot be invoked without 'new'
79 error If you need help, you may report this error at:
79 error     <https://github.com/npm/npm/issues>
80 verbose exit [ 1, true ]
